0 info it worked if it ends with ok
1 verbose cli [ '/Users/enriqueflorendo/.nvm/versions/node/v5.11.1/bin/node',
1 verbose cli   '/Users/enriqueflorendo/.nvm/versions/node/v5.11.1/bin/npm',
1 verbose cli   'run',
1 verbose cli   'dev' ]
2 info using npm@3.8.6
3 info using node@v5.11.1
4 verbose run-script [ 'predev', 'dev', 'postdev' ]
5 info lifecycle server@1.0.0~predev: server@1.0.0
6 silly lifecycle server@1.0.0~predev: no script for predev, continuing
7 info lifecycle server@1.0.0~dev: server@1.0.0
8 verbose lifecycle server@1.0.0~dev: unsafe-perm in lifecycle true
9 verbose lifecycle server@1.0.0~dev: PATH: /Users/enriqueflorendo/.nvm/versions/node/v5.11.1/lib/node_modules/npm/bin/node-gyp-bin:/Users/enriqueflorendo/projects/atlas-risk-systems/server/node_modules/.bin:/Users/enriqueflorendo/.nvm/versions/node/v5.11.1/bin:/Users/enriqueflorendo/.rvm/gems/ruby-2.1.0/bin:/Users/enriqueflorendo/.rvm/gems/ruby-2.1.0@global/bin:/Users/enriqueflorendo/.rvm/rubies/ruby-2.1.0/bin:/Users/enriqueflorendo/.nvm/versions/node/v5.11.1/bin:/Users/enriqueflorendo/.rbenv/shims:/Users/enriqueflorendo/.rbenv/bin:/usr/local/bin:/usr/bin:/bin:/usr/sbin:/sbin:/Users/enriqueflorendo/.rvm/bin
10 verbose lifecycle server@1.0.0~dev: CWD: /Users/enriqueflorendo/projects/atlas-risk-systems/server
11 silly lifecycle server@1.0.0~dev: Args: [ '-c', 'concurrently "npm run server" "npm run client"' ]
12 info lifecycle server@1.0.0~dev: Failed to exec dev script
13 verbose stack Error: server@1.0.0 dev: `concurrently "npm run server" "npm run client"`
13 verbose stack spawn ENOENT
13 verbose stack     at ChildProcess.<anonymous> (/Users/enriqueflorendo/.nvm/versions/node/v5.11.1/lib/node_modules/npm/lib/utils/spawn.js:17:16)
13 verbose stack     at emitTwo (events.js:100:13)
13 verbose stack     at ChildProcess.emit (events.js:185:7)
13 verbose stack     at maybeClose (internal/child_process.js:850:16)
13 verbose stack     at Process.ChildProcess._handle.onexit (internal/child_process.js:215:5)
14 verbose pkgid server@1.0.0
15 verbose cwd /Users/enriqueflorendo/projects/atlas-risk-systems/server
16 error Darwin 16.7.0
17 error argv "/Users/enriqueflorendo/.nvm/versions/node/v5.11.1/bin/node" "/Users/enriqueflorendo/.nvm/versions/node/v5.11.1/bin/npm" "run" "dev"
18 error node v5.11.1
19 error npm  v3.8.6
20 error file sh
21 error code ELIFECYCLE
22 error errno ENOENT
23 error syscall spawn
24 error server@1.0.0 dev: `concurrently "npm run server" "npm run client"`
24 error spawn ENOENT
25 error Failed at the server@1.0.0 dev script 'concurrently "npm run server" "npm run client"'.
25 error Make sure you have the latest version of node.js and npm installed.
25 error If you do, this is most likely a problem with the server package,
25 error not with npm itself.
25 error Tell the author that this fails on your system:
25 error     concurrently "npm run server" "npm run client"
25 error You can get information on how to open an issue for this project with:
25 error     npm bugs server
25 error Or if that isn't available, you can get their info via:
25 error     npm owner ls server
25 error There is likely additional logging output above.
26 verbose exit [ 1, true ]
